\BOOKMARK [0][-]{chapter.1}{\376\377\0001\000\040\000C\000l\000a\000s\000s\000\040\000I\000n\000d\000e\000x}{}% 1
\BOOKMARK [1][-]{section.1.1}{\376\377\0001\000.\0001\000\040\000C\000l\000a\000s\000s\000\040\000L\000i\000s\000t}{chapter.1}% 2
\BOOKMARK [0][-]{chapter.2}{\376\377\0002\000\040\000C\000l\000a\000s\000s\000\040\000D\000o\000c\000u\000m\000e\000n\000t\000a\000t\000i\000o\000n}{}% 3
\BOOKMARK [1][-]{section.2.1}{\376\377\0002\000.\0001\000\040\000E\000d\000g\000e\000\040\000C\000l\000a\000s\000s\000\040\000R\000e\000f\000e\000r\000e\000n\000c\000e}{chapter.2}% 4
\BOOKMARK [2][-]{subsection.2.1.1}{\376\377\0002\000.\0001\000.\0001\000\040\000D\000e\000t\000a\000i\000l\000e\000d\000\040\000D\000e\000s\000c\000r\000i\000p\000t\000i\000o\000n}{section.2.1}% 5
\BOOKMARK [2][-]{subsection.2.1.2}{\376\377\0002\000.\0001\000.\0002\000\040\000M\000e\000m\000b\000e\000r\000\040\000F\000u\000n\000c\000t\000i\000o\000n\000\040\000D\000o\000c\000u\000m\000e\000n\000t\000a\000t\000i\000o\000n}{section.2.1}% 6
\BOOKMARK [3][-]{subsubsection.2.1.2.1}{\376\377\0002\000.\0001\000.\0002\000.\0001\000\040\000B\000u\000i\000l\000d\000E\000d\000g\000e\000s\000\050\000\051}{subsection.2.1.2}% 7
\BOOKMARK [3][-]{subsubsection.2.1.2.2}{\376\377\0002\000.\0001\000.\0002\000.\0002\000\040\000C\000l\000e\000a\000r\000D\000a\000t\000a\000\050\000\051}{subsection.2.1.2}% 8
\BOOKMARK [2][-]{subsection.2.1.3}{\376\377\0002\000.\0001\000.\0003\000\040\000M\000e\000m\000b\000e\000r\000\040\000D\000a\000t\000a\000\040\000D\000o\000c\000u\000m\000e\000n\000t\000a\000t\000i\000o\000n}{section.2.1}% 9
\BOOKMARK [3][-]{subsubsection.2.1.3.1}{\376\377\0002\000.\0001\000.\0003\000.\0001\000\040\000L\000A\000N\000E\000W\000I\000D\000T\000H}{subsection.2.1.3}% 10
\BOOKMARK [3][-]{subsubsection.2.1.3.2}{\376\377\0002\000.\0001\000.\0003\000.\0002\000\040\000R\000o\000a\000d\000L\000i\000s\000t}{subsection.2.1.3}% 11
\BOOKMARK [1][-]{section.2.2}{\376\377\0002\000.\0002\000\040\000I\000n\000t\000e\000r\000s\000e\000c\000t\000i\000o\000n\000\040\000S\000t\000r\000u\000c\000t\000\040\000R\000e\000f\000e\000r\000e\000n\000c\000e}{chapter.2}% 12
\BOOKMARK [1][-]{section.2.3}{\376\377\0002\000.\0003\000\040\000I\000n\000t\000E\000v\000e\000n\000t\000\040\000C\000l\000a\000s\000s\000\040\000R\000e\000f\000e\000r\000e\000n\000c\000e}{chapter.2}% 13
\BOOKMARK [1][-]{section.2.4}{\376\377\0002\000.\0004\000\040\000J\000u\000n\000c\000t\000i\000o\000n\000\040\000C\000l\000a\000s\000s\000\040\000R\000e\000f\000e\000r\000e\000n\000c\000e}{chapter.2}% 14
\BOOKMARK [2][-]{subsection.2.4.1}{\376\377\0002\000.\0004\000.\0001\000\040\000D\000e\000t\000a\000i\000l\000e\000d\000\040\000D\000e\000s\000c\000r\000i\000p\000t\000i\000o\000n}{section.2.4}% 15
\BOOKMARK [2][-]{subsection.2.4.2}{\376\377\0002\000.\0004\000.\0002\000\040\000M\000e\000m\000b\000e\000r\000\040\000F\000u\000n\000c\000t\000i\000o\000n\000\040\000D\000o\000c\000u\000m\000e\000n\000t\000a\000t\000i\000o\000n}{section.2.4}% 16
\BOOKMARK [3][-]{subsubsection.2.4.2.1}{\376\377\0002\000.\0004\000.\0002\000.\0001\000\040\000B\000u\000i\000l\000d\000J\000u\000n\000c\000t\000i\000o\000n\000\050\000\051}{subsection.2.4.2}% 17
\BOOKMARK [3][-]{subsubsection.2.4.2.2}{\376\377\0002\000.\0004\000.\0002\000.\0002\000\040\000C\000l\000e\000a\000r\000D\000a\000t\000a\000\050\000\051}{subsection.2.4.2}% 18
\BOOKMARK [1][-]{section.2.5}{\376\377\0002\000.\0005\000\040\000L\000a\000n\000e\000\040\000S\000t\000r\000u\000c\000t\000\040\000R\000e\000f\000e\000r\000e\000n\000c\000e}{chapter.2}% 19
\BOOKMARK [2][-]{subsection.2.5.1}{\376\377\0002\000.\0005\000.\0001\000\040\000D\000e\000t\000a\000i\000l\000e\000d\000\040\000D\000e\000s\000c\000r\000i\000p\000t\000i\000o\000n}{section.2.5}% 20
\BOOKMARK [1][-]{section.2.6}{\376\377\0002\000.\0006\000\040\000M\000a\000r\000k\000e\000r\000A\000c\000t\000i\000o\000n\000\040\000C\000l\000a\000s\000s\000\040\000R\000e\000f\000e\000r\000e\000n\000c\000e}{chapter.2}% 21
\BOOKMARK [2][-]{subsection.2.6.1}{\376\377\0002\000.\0006\000.\0001\000\040\000D\000e\000t\000a\000i\000l\000e\000d\000\040\000D\000e\000s\000c\000r\000i\000p\000t\000i\000o\000n}{section.2.6}% 22
\BOOKMARK [2][-]{subsection.2.6.2}{\376\377\0002\000.\0006\000.\0002\000\040\000M\000e\000m\000b\000e\000r\000\040\000F\000u\000n\000c\000t\000i\000o\000n\000\040\000D\000o\000c\000u\000m\000e\000n\000t\000a\000t\000i\000o\000n}{section.2.6}% 23
\BOOKMARK [3][-]{subsubsection.2.6.2.1}{\376\377\0002\000.\0006\000.\0002\000.\0001\000\040\000A\000d\000d\000T\000r\000i\000g\000g\000e\000r\000A\000r\000e\000a\000\050\000\051\000\040\000[\0001\000/\0002\000]}{subsection.2.6.2}% 24
\BOOKMARK [3][-]{subsubsection.2.6.2.2}{\376\377\0002\000.\0006\000.\0002\000.\0002\000\040\000A\000d\000d\000T\000r\000i\000g\000g\000e\000r\000A\000r\000e\000a\000\050\000\051\000\040\000[\0002\000/\0002\000]}{subsection.2.6.2}% 25
\BOOKMARK [3][-]{subsubsection.2.6.2.3}{\376\377\0002\000.\0006\000.\0002\000.\0003\000\040\000A\000d\000d\000T\000r\000i\000g\000g\000e\000r\000A\000r\000e\000a\000s\000\050\000\051\000\040\000[\0001\000/\0002\000]}{subsection.2.6.2}% 26
\BOOKMARK [3][-]{subsubsection.2.6.2.4}{\376\377\0002\000.\0006\000.\0002\000.\0004\000\040\000A\000d\000d\000T\000r\000i\000g\000g\000e\000r\000A\000r\000e\000a\000s\000\050\000\051\000\040\000[\0002\000/\0002\000]}{subsection.2.6.2}% 27
\BOOKMARK [3][-]{subsubsection.2.6.2.5}{\376\377\0002\000.\0006\000.\0002\000.\0005\000\040\000O\000n\000T\000r\000a\000c\000k\000a\000b\000l\000e\000S\000t\000a\000t\000e\000C\000h\000a\000n\000g\000e\000d\000\050\000\051}{subsection.2.6.2}% 28
\BOOKMARK [1][-]{section.2.7}{\376\377\0002\000.\0007\000\040\000M\000a\000r\000k\000e\000r\000C\000h\000a\000n\000g\000e\000I\000n\000t\000e\000r\000s\000e\000c\000t\000i\000o\000n\000\040\000C\000l\000a\000s\000s\000\040\000R\000e\000f\000e\000r\000e\000n\000c\000e}{chapter.2}% 29
\BOOKMARK [1][-]{section.2.8}{\376\377\0002\000.\0008\000\040\000M\000a\000r\000k\000e\000r\000M\000a\000n\000a\000g\000e\000r\000\040\000C\000l\000a\000s\000s\000\040\000R\000e\000f\000e\000r\000e\000n\000c\000e}{chapter.2}% 30
\BOOKMARK [2][-]{subsection.2.8.1}{\376\377\0002\000.\0008\000.\0001\000\040\000D\000e\000t\000a\000i\000l\000e\000d\000\040\000D\000e\000s\000c\000r\000i\000p\000t\000i\000o\000n}{section.2.8}% 31
\BOOKMARK [1][-]{section.2.9}{\376\377\0002\000.\0009\000\040\000M\000a\000r\000k\000e\000r\000S\000e\000t\000W\000o\000r\000k\000Z\000o\000n\000e\000\040\000C\000l\000a\000s\000s\000\040\000R\000e\000f\000e\000r\000e\000n\000c\000e}{chapter.2}% 32
\BOOKMARK [2][-]{subsection.2.9.1}{\376\377\0002\000.\0009\000.\0001\000\040\000D\000e\000t\000a\000i\000l\000e\000d\000\040\000D\000e\000s\000c\000r\000i\000p\000t\000i\000o\000n}{section.2.9}% 33
\BOOKMARK [2][-]{subsection.2.9.2}{\376\377\0002\000.\0009\000.\0002\000\040\000M\000e\000m\000b\000e\000r\000\040\000F\000u\000n\000c\000t\000i\000o\000n\000\040\000D\000o\000c\000u\000m\000e\000n\000t\000a\000t\000i\000o\000n}{section.2.9}% 34
\BOOKMARK [3][-]{subsubsection.2.9.2.1}{\376\377\0002\000.\0009\000.\0002\000.\0001\000\040\000R\000e\000m\000o\000v\000e\000W\000o\000r\000k\000Z\000o\000n\000e\000\050\000\051}{subsection.2.9.2}% 35
\BOOKMARK [3][-]{subsubsection.2.9.2.2}{\376\377\0002\000.\0009\000.\0002\000.\0002\000\040\000S\000e\000t\000W\000o\000r\000k\000Z\000o\000n\000e\000\050\000\051}{subsection.2.9.2}% 36
\BOOKMARK [3][-]{subsubsection.2.9.2.3}{\376\377\0002\000.\0009\000.\0002\000.\0003\000\040\000T\000o\000g\000g\000l\000e\000W\000o\000r\000k\000Z\000o\000n\000e\000\050\000\051}{subsection.2.9.2}% 37
\BOOKMARK [1][-]{section.2.10}{\376\377\0002\000.\0001\0000\000\040\000P\000o\000l\000y\000\040\000S\000t\000r\000u\000c\000t\000\040\000R\000e\000f\000e\000r\000e\000n\000c\000e}{chapter.2}% 38
\BOOKMARK [2][-]{subsection.2.10.1}{\376\377\0002\000.\0001\0000\000.\0001\000\040\000D\000e\000t\000a\000i\000l\000e\000d\000\040\000D\000e\000s\000c\000r\000i\000p\000t\000i\000o\000n}{section.2.10}% 39
\BOOKMARK [1][-]{section.2.11}{\376\377\0002\000.\0001\0001\000\040\000P\000r\000o\000j\000e\000c\000t\000i\000o\000n\000D\000a\000t\000a\000\040\000C\000l\000a\000s\000s\000\040\000R\000e\000f\000e\000r\000e\000n\000c\000e}{chapter.2}% 40
\BOOKMARK [2][-]{subsection.2.11.1}{\376\377\0002\000.\0001\0001\000.\0001\000\040\000D\000e\000t\000a\000i\000l\000e\000d\000\040\000D\000e\000s\000c\000r\000i\000p\000t\000i\000o\000n}{section.2.11}% 41
\BOOKMARK [2][-]{subsection.2.11.2}{\376\377\0002\000.\0001\0001\000.\0002\000\040\000M\000e\000m\000b\000e\000r\000\040\000F\000u\000n\000c\000t\000i\000o\000n\000\040\000D\000o\000c\000u\000m\000e\000n\000t\000a\000t\000i\000o\000n}{section.2.11}% 42
\BOOKMARK [3][-]{subsubsection.2.11.2.1}{\376\377\0002\000.\0001\0001\000.\0002\000.\0001\000\040\000B\000u\000i\000l\000d\000T\000e\000r\000r\000a\000i\000n\000\050\000\051}{subsection.2.11.2}% 43
\BOOKMARK [3][-]{subsubsection.2.11.2.2}{\376\377\0002\000.\0001\0001\000.\0002\000.\0002\000\040\000S\000e\000t\000P\000r\000o\000j\000e\000c\000t\000i\000o\000n\000D\000a\000t\000a\000\050\000\051}{subsection.2.11.2}% 44
\BOOKMARK [3][-]{subsubsection.2.11.2.3}{\376\377\0002\000.\0001\0001\000.\0002\000.\0003\000\040\000S\000h\000a\000p\000e\000S\000t\000r\000i\000n\000g\000T\000o\000F\000l\000o\000a\000t\000L\000i\000s\000t\000\050\000\051}{subsection.2.11.2}% 45
\BOOKMARK [2][-]{subsection.2.11.3}{\376\377\0002\000.\0001\0001\000.\0003\000\040\000M\000e\000m\000b\000e\000r\000\040\000D\000a\000t\000a\000\040\000D\000o\000c\000u\000m\000e\000n\000t\000a\000t\000i\000o\000n}{section.2.11}% 46
\BOOKMARK [3][-]{subsubsection.2.11.3.1}{\376\377\0002\000.\0001\0001\000.\0003\000.\0001\000\040\000M\000a\000i\000n\000\137\000C\000a\000m\000e\000r\000a}{subsection.2.11.3}% 47
\BOOKMARK [3][-]{subsubsection.2.11.3.2}{\376\377\0002\000.\0001\0001\000.\0003\000.\0002\000\040\000o\000f\000f\000s\000e\000t}{subsection.2.11.3}% 48
\BOOKMARK [3][-]{subsubsection.2.11.3.3}{\376\377\0002\000.\0001\0001\000.\0003\000.\0003\000\040\000o\000r\000i\000g\000i\000n\000a\000l\000B\000o\000u\000n\000d\000s}{subsection.2.11.3}% 49
\BOOKMARK [3][-]{subsubsection.2.11.3.4}{\376\377\0002\000.\0001\0001\000.\0003\000.\0004\000\040\000p\000r\000o\000j\000e\000c\000t\000e\000d\000B\000o\000u\000n\000d\000s}{subsection.2.11.3}% 50
\BOOKMARK [3][-]{subsubsection.2.11.3.5}{\376\377\0002\000.\0001\0001\000.\0003\000.\0005\000\040\000T\000e\000r\000r\000a\000i\000n\000\137\000S\000h\000a\000d\000e\000r}{subsection.2.11.3}% 51
\BOOKMARK [1][-]{section.2.12}{\376\377\0002\000.\0001\0002\000\040\000R\000o\000a\000d\000\040\000S\000t\000r\000u\000c\000t\000\040\000R\000e\000f\000e\000r\000e\000n\000c\000e}{chapter.2}% 52
\BOOKMARK [2][-]{subsection.2.12.1}{\376\377\0002\000.\0001\0002\000.\0001\000\040\000D\000e\000t\000a\000i\000l\000e\000d\000\040\000D\000e\000s\000c\000r\000i\000p\000t\000i\000o\000n}{section.2.12}% 53
\BOOKMARK [1][-]{section.2.13}{\376\377\0002\000.\0001\0003\000\040\000S\000t\000r\000u\000c\000t\000u\000r\000e\000\040\000C\000l\000a\000s\000s\000\040\000R\000e\000f\000e\000r\000e\000n\000c\000e}{chapter.2}% 54
\BOOKMARK [2][-]{subsection.2.13.1}{\376\377\0002\000.\0001\0003\000.\0001\000\040\000D\000e\000t\000a\000i\000l\000e\000d\000\040\000D\000e\000s\000c\000r\000i\000p\000t\000i\000o\000n}{section.2.13}% 55
\BOOKMARK [2][-]{subsection.2.13.2}{\376\377\0002\000.\0001\0003\000.\0002\000\040\000M\000e\000m\000b\000e\000r\000\040\000F\000u\000n\000c\000t\000i\000o\000n\000\040\000D\000o\000c\000u\000m\000e\000n\000t\000a\000t\000i\000o\000n}{section.2.13}% 56
\BOOKMARK [3][-]{subsubsection.2.13.2.1}{\376\377\0002\000.\0001\0003\000.\0002\000.\0001\000\040\000B\000u\000i\000l\000d\000\050\000\051}{subsection.2.13.2}% 57
\BOOKMARK [3][-]{subsubsection.2.13.2.2}{\376\377\0002\000.\0001\0003\000.\0002\000.\0002\000\040\000C\000l\000e\000a\000r\000D\000a\000t\000a\000\050\000\051}{subsection.2.13.2}% 58
\BOOKMARK [2][-]{subsection.2.13.3}{\376\377\0002\000.\0001\0003\000.\0003\000\040\000M\000e\000m\000b\000e\000r\000\040\000D\000a\000t\000a\000\040\000D\000o\000c\000u\000m\000e\000n\000t\000a\000t\000i\000o\000n}{section.2.13}% 59
\BOOKMARK [3][-]{subsubsection.2.13.3.1}{\376\377\0002\000.\0001\0003\000.\0003\000.\0001\000\040\000B\000u\000i\000l\000d\000i\000n\000g\000\137\000S\000h\000a\000d\000e\000r}{subsection.2.13.3}% 60
\BOOKMARK [3][-]{subsubsection.2.13.3.2}{\376\377\0002\000.\0001\0003\000.\0003\000.\0002\000\040\000P\000o\000l\000y\000s}{subsection.2.13.3}% 61
\BOOKMARK [3][-]{subsubsection.2.13.3.3}{\376\377\0002\000.\0001\0003\000.\0003\000.\0003\000\040\000R\000o\000a\000d\000\137\000S\000h\000a\000d\000e\000r}{subsection.2.13.3}% 62
\BOOKMARK [1][-]{section.2.14}{\376\377\0002\000.\0001\0004\000\040\000S\000u\000m\000o\000C\000r\000e\000a\000t\000o\000r\000\040\000C\000l\000a\000s\000s\000\040\000R\000e\000f\000e\000r\000e\000n\000c\000e}{chapter.2}% 63
\BOOKMARK [2][-]{subsection.2.14.1}{\376\377\0002\000.\0001\0004\000.\0001\000\040\000D\000e\000t\000a\000i\000l\000e\000d\000\040\000D\000e\000s\000c\000r\000i\000p\000t\000i\000o\000n}{section.2.14}% 64
\BOOKMARK [2][-]{subsection.2.14.2}{\376\377\0002\000.\0001\0004\000.\0002\000\040\000M\000e\000m\000b\000e\000r\000\040\000F\000u\000n\000c\000t\000i\000o\000n\000\040\000D\000o\000c\000u\000m\000e\000n\000t\000a\000t\000i\000o\000n}{section.2.14}% 65
\BOOKMARK [3][-]{subsubsection.2.14.2.1}{\376\377\0002\000.\0001\0004\000.\0002\000.\0001\000\040\000G\000e\000n\000e\000r\000a\000t\000e\000O\000s\000m\000N\000e\000t\000w\000o\000r\000k\000\050\000\051}{subsection.2.14.2}% 66
\BOOKMARK [3][-]{subsubsection.2.14.2.2}{\376\377\0002\000.\0001\0004\000.\0002\000.\0002\000\040\000L\000o\000a\000d\000N\000e\000t\000w\000o\000r\000k\000\050\000\051}{subsection.2.14.2}% 67
\BOOKMARK [1][-]{section.2.15}{\376\377\0002\000.\0001\0005\000\040\000T\000r\000a\000c\000i\000C\000o\000n\000t\000r\000o\000l\000l\000e\000r\000\040\000C\000l\000a\000s\000s\000\040\000R\000e\000f\000e\000r\000e\000n\000c\000e}{chapter.2}% 68
\BOOKMARK [2][-]{subsection.2.15.1}{\376\377\0002\000.\0001\0005\000.\0001\000\040\000D\000e\000t\000a\000i\000l\000e\000d\000\040\000D\000e\000s\000c\000r\000i\000p\000t\000i\000o\000n}{section.2.15}% 69
\BOOKMARK [2][-]{subsection.2.15.2}{\376\377\0002\000.\0001\0005\000.\0002\000\040\000M\000e\000m\000b\000e\000r\000\040\000F\000u\000n\000c\000t\000i\000o\000n\000\040\000D\000o\000c\000u\000m\000e\000n\000t\000a\000t\000i\000o\000n}{section.2.15}% 70
\BOOKMARK [3][-]{subsubsection.2.15.2.1}{\376\377\0002\000.\0001\0005\000.\0002\000.\0001\000\040\000O\000n\000V\000e\000h\000i\000c\000l\000e\000U\000p\000d\000a\000t\000e\000\050\000\051}{subsection.2.15.2}% 71
\BOOKMARK [3][-]{subsubsection.2.15.2.2}{\376\377\0002\000.\0001\0005\000.\0002\000.\0002\000\040\000R\000e\000m\000o\000v\000e\000W\000o\000r\000k\000Z\000o\000n\000e\000E\000n\000t\000i\000r\000e\000R\000o\000a\000d\000\050\000\051}{subsection.2.15.2}% 72
\BOOKMARK [3][-]{subsubsection.2.15.2.3}{\376\377\0002\000.\0001\0005\000.\0002\000.\0003\000\040\000R\000e\000m\000o\000v\000e\000W\000o\000r\000k\000Z\000o\000n\000e\000O\000n\000L\000a\000n\000e\000\050\000\051}{subsection.2.15.2}% 73
\BOOKMARK [3][-]{subsubsection.2.15.2.4}{\376\377\0002\000.\0001\0005\000.\0002\000.\0004\000\040\000S\000e\000t\000S\000t\000o\000p\000S\000i\000g\000n\000J\000u\000n\000c\000t\000i\000o\000n\000\050\000\051}{subsection.2.15.2}% 74
\BOOKMARK [3][-]{subsubsection.2.15.2.5}{\376\377\0002\000.\0001\0005\000.\0002\000.\0005\000\040\000S\000e\000t\000T\000r\000a\000f\000f\000i\000c\000L\000i\000g\000h\000t\000J\000u\000n\000c\000t\000i\000o\000n\000\050\000\051}{subsection.2.15.2}% 75
\BOOKMARK [3][-]{subsubsection.2.15.2.6}{\376\377\0002\000.\0001\0005\000.\0002\000.\0006\000\040\000S\000e\000t\000W\000o\000r\000k\000Z\000o\000n\000e\000E\000n\000t\000i\000r\000e\000R\000o\000a\000d\000\050\000\051}{subsection.2.15.2}% 76
\BOOKMARK [3][-]{subsubsection.2.15.2.7}{\376\377\0002\000.\0001\0005\000.\0002\000.\0007\000\040\000S\000e\000t\000W\000o\000r\000k\000Z\000o\000n\000e\000O\000n\000e\000L\000a\000n\000e\000\050\000\051}{subsection.2.15.2}% 77
\BOOKMARK [3][-]{subsubsection.2.15.2.8}{\376\377\0002\000.\0001\0005\000.\0002\000.\0008\000\040\000S\000u\000b\000s\000c\000r\000i\000b\000e\000\050\000\051}{subsection.2.15.2}% 78
\BOOKMARK [3][-]{subsubsection.2.15.2.9}{\376\377\0002\000.\0001\0005\000.\0002\000.\0009\000\040\000T\000o\000g\000g\000l\000e\000M\000e\000s\000o\000s\000c\000o\000p\000i\000c\000\050\000\051}{subsection.2.15.2}% 79
\BOOKMARK [2][-]{subsection.2.15.3}{\376\377\0002\000.\0001\0005\000.\0003\000\040\000M\000e\000m\000b\000e\000r\000\040\000D\000a\000t\000a\000\040\000D\000o\000c\000u\000m\000e\000n\000t\000a\000t\000i\000o\000n}{section.2.15}% 80
\BOOKMARK [3][-]{subsubsection.2.15.3.1}{\376\377\0002\000.\0001\0005\000.\0003\000.\0001\000\040\000C\000a\000r\000s\000\137\000G\000O}{subsection.2.15.3}% 81
\BOOKMARK [3][-]{subsubsection.2.15.3.2}{\376\377\0002\000.\0001\0005\000.\0003\000.\0002\000\040\000C\000a\000r\000V\000i\000s\000u\000a\000l}{subsection.2.15.3}% 82
\BOOKMARK [3][-]{subsubsection.2.15.3.3}{\376\377\0002\000.\0001\0005\000.\0003\000.\0003\000\040\000C\000l\000i\000e\000n\000t}{subsection.2.15.3}% 83
\BOOKMARK [3][-]{subsubsection.2.15.3.4}{\376\377\0002\000.\0001\0005\000.\0003\000.\0004\000\040\000C\000o\000n\000f\000i\000g\000F\000i\000l\000e}{subsection.2.15.3}% 84
\BOOKMARK [3][-]{subsubsection.2.15.3.5}{\376\377\0002\000.\0001\0005\000.\0003\000.\0005\000\040\000H\000o\000s\000t\000N\000a\000m\000e}{subsection.2.15.3}% 85
\BOOKMARK [3][-]{subsubsection.2.15.3.6}{\376\377\0002\000.\0001\0005\000.\0003\000.\0006\000\040\000O\000c\000c\000u\000p\000a\000n\000c\000y\000V\000i\000s\000u\000a\000l}{subsection.2.15.3}% 86
\BOOKMARK [3][-]{subsubsection.2.15.3.7}{\376\377\0002\000.\0001\0005\000.\0003\000.\0007\000\040\000P\000o\000r\000t}{subsection.2.15.3}% 87
\BOOKMARK [3][-]{subsubsection.2.15.3.8}{\376\377\0002\000.\0001\0005\000.\0003\000.\0008\000\040\000s\000p\000e\000e\000d}{subsection.2.15.3}% 88
\BOOKMARK [1][-]{section.2.16}{\376\377\0002\000.\0001\0006\000\040\000T\000r\000a\000f\000f\000i\000c\000\137\000L\000i\000g\000h\000t\000\040\000S\000t\000r\000u\000c\000t\000\040\000R\000e\000f\000e\000r\000e\000n\000c\000e}{chapter.2}% 89
\BOOKMARK [2][-]{subsection.2.16.1}{\376\377\0002\000.\0001\0006\000.\0001\000\040\000D\000e\000t\000a\000i\000l\000e\000d\000\040\000D\000e\000s\000c\000r\000i\000p\000t\000i\000o\000n}{section.2.16}% 90
\BOOKMARK [1][-]{section.2.17}{\376\377\0002\000.\0001\0007\000\040\000T\000r\000a\000f\000f\000i\000c\000L\000i\000g\000h\000t\000\040\000C\000l\000a\000s\000s\000\040\000R\000e\000f\000e\000r\000e\000n\000c\000e}{chapter.2}% 91
\BOOKMARK [1][-]{section.2.18}{\376\377\0002\000.\0001\0008\000\040\000T\000r\000i\000a\000n\000g\000u\000l\000a\000t\000o\000r\000\040\000C\000l\000a\000s\000s\000\040\000R\000e\000f\000e\000r\000e\000n\000c\000e}{chapter.2}% 92
\BOOKMARK [1][-]{section.2.19}{\376\377\0002\000.\0001\0009\000\040\000U\000s\000e\000r\000C\000o\000n\000t\000r\000o\000l\000l\000e\000r\000\040\000C\000l\000a\000s\000s\000\040\000R\000e\000f\000e\000r\000e\000n\000c\000e}{chapter.2}% 93
\BOOKMARK [1][-]{section.2.20}{\376\377\0002\000.\0002\0000\000\040\000V\000i\000r\000t\000u\000a\000l\000B\000u\000t\000t\000o\000n\000A\000c\000t\000i\000o\000n\000\040\000C\000l\000a\000s\000s\000\040\000R\000e\000f\000e\000r\000e\000n\000c\000e}{chapter.2}% 94
\BOOKMARK [2][-]{subsection.2.20.1}{\376\377\0002\000.\0002\0000\000.\0001\000\040\000D\000e\000t\000a\000i\000l\000e\000d\000\040\000D\000e\000s\000c\000r\000i\000p\000t\000i\000o\000n}{section.2.20}% 95
